<?xml version="1.0" encoding="UTF-8"?>
<!-- Generated by org.testng.reporters.JUnitXMLReporter -->
<testsuite hostname="DEV20" failures="1" tests="2" name="Surefire test" time="0.181" errors="0" timestamp="16 Apr 2019 12:56:00 GMT">
  <testcase classname="TestNGmavenexemple.CalculatorTest" name="testDivison99" time="0.002">
    <failure type="java.lang.AssertionError" message="expected:&amp;lt;8&amp;gt; but was:&amp;lt;5&amp;gt;">
      <![CDATA[java.lang.AssertionError: expected:<8> but was:<5>
	at org.junit.Assert.fail(Assert.java:93)
	at org.junit.Assert.failNotEquals(Assert.java:647)
	at org.junit.Assert.assertEquals(Assert.java:128)
	at org.junit.Assert.assertEquals(Assert.java:472)
	at org.junit.Assert.assertEquals(Assert.java:456)
	at TestNGmavenexemple.CalculatorTest.testDivison99(CalculatorTest.java:43)
	at org.apache.maven.surefire.testng.TestNGExecutor.run(TestNGExecutor.java:135)
	at org.apache.maven.surefire.testng.TestNGDirectoryTestSuite.executeMulti(TestNGDirectoryTestSuite.java:193)
	at org.apache.maven.surefire.testng.TestNGDirectoryTestSuite.execute(TestNGDirectoryTestSuite.java:94)
	at org.apache.maven.surefire.testng.TestNGProvider.invoke(TestNGProvider.java:146)
	at org.apache.maven.surefire.booter.ForkedBooter.invokeProviderInSameClassLoader(ForkedBooter.java:383)
	at org.apache.maven.surefire.booter.ForkedBooter.runSuitesInProcess(ForkedBooter.java:344)
	at org.apache.maven.surefire.booter.ForkedBooter.execute(ForkedBooter.java:125)
	at org.apache.maven.surefire.booter.ForkedBooter.main(ForkedBooter.java:417)
... Removed 21 stack frames]]>
    </failure>
  </testcase> <!-- testDivison99 -->
  <testcase classname="TestNGmavenexemple.CalculatorTest" name="testSum99" time="0.001"/>
</testsuite> <!-- Surefire test -->
